#
# There is insufficient memory for the Java Runtime Environment to continue.
# Native memory allocation (mmap) failed to map 34603008 bytes for G1 virtual space
# Possible reasons:
#   The system is out of physical RAM or swap space
#   The process is running with CompressedOops enabled, and the Java Heap may be blocking the growth of the native heap
# Possible solutions:
#   Reduce memory load on the system
#   Increase physical memory or swap space
#   Check if swap backing store is full
#   Decrease Java heap size (-Xmx/-Xms)
#   Decrease number of Java threads
#   Decrease Java thread stack sizes (-Xss)
#   Set larger code cache with -XX:ReservedCodeCacheSize=
#   JVM is running with Unscaled Compressed Oops mode in which the Java heap is
#     placed in the first 4GB address space. The Java Heap base address is the
#     maximum limit for the native heap growth. Please use -XX:HeapBaseMinAddress
#     to set the Java Heap base and to place the Java Heap above 4GB virtual address.
# This output file may be truncated or incomplete.
#
#  Out of Memory Error (os_windows.cpp:3771), pid=10968, tid=15500
#
# JRE version: OpenJDK Runtime Environment (17.0.7) (build 17.0.7+0-b2043.56-10550314)
# Java VM: OpenJDK 64-Bit Server VM (17.0.7+0-b2043.56-10550314, mixed mode, tiered, compressed oops, compressed class ptrs, g1 gc, windows-amd64)
# No core dump will be written. Minidumps are not enabled by default on client versions of Windows
#

---------------  S U M M A R Y ------------

Command Line: --add-opens=java.base/java.util=ALL-UNNAMED --add-opens=java.base/java.lang=ALL-UNNAMED --add-opens=java.base/java.lang.invoke=ALL-UNNAMED --add-opens=java.prefs/java.util.prefs=ALL-UNNAMED --add-opens=java.base/java.nio.charset=ALL-UNNAMED --add-opens=java.base/java.net=ALL-UNNAMED --add-opens=java.base/java.util.concurrent.atomic=ALL-UNNAMED -Xmx2048M -Dfile.encoding=UTF-8 -Duser.country=US -Duser.language=en -Duser.variant -javaagent:C:\Users\60170\.gradle\wrapper\dists\gradle-8.4-bin\1w5dpkrfk8irigvoxmyhowfim\gradle-8.4\lib\agents\gradle-instrumentation-agent-8.4.jar org.gradle.launcher.daemon.bootstrap.GradleDaemon 8.4

Host: Intel(R) Core(TM) i3-10100 CPU @ 3.60GHz, 8 cores, 15G,  Windows 11 , 64 bit Build 22621 (10.0.22621.1105)
Time: Mon Feb  5 11:56:56 2024 Iran Standard Time elapsed time: 20.126859 seconds (0d 0h 0m 20s)

---------------  T H R E A D  ---------------

Current thread (0x0000015aff85ed10):  VMThread "VM Thread" [stack: 0x0000002c30600000,0x0000002c30700000] [id=15500]

Stack: [0x0000002c30600000,0x0000002c30700000]
Native frames: (J=compiled Java code, j=interpreted, Vv=VM code, C=native code)
V  [jvm.dll+0x683bfa]
V  [jvm.dll+0x8430a4]
V  [jvm.dll+0x8449be]
V  [jvm.dll+0x845023]
V  [jvm.dll+0x24ad2f]
V  [jvm.dll+0x680ac9]
V  [jvm.dll+0x67519a]
V  [jvm.dll+0x30b3cb]
V  [jvm.dll+0x312876]
V  [jvm.dll+0x36221e]
V  [jvm.dll+0x36244f]
V  [jvm.dll+0x2e14a8]
V  [jvm.dll+0x2df684]
V  [jvm.dll+0x2dec8c]
V  [jvm.dll+0x32382b]
V  [jvm.dll+0x8496eb]
V  [jvm.dll+0x84a424]
V  [jvm.dll+0x84a93d]
V  [jvm.dll+0x84ad14]
V  [jvm.dll+0x84ade0]
V  [jvm.dll+0x7f2aea]
V  [jvm.dll+0x682a35]
C  [ucrtbase.dll+0x29363]
C  [KERNEL32.DLL+0x126bd]
C  [ntdll.dll+0x5dfb8]

VM_Operation (0x0000002c31ff6620): G1CollectForAllocation, mode: safepoint, requested by thread 0x0000015a8ca10690


---------------  P R O C E S S  ---------------

Threads class SMR info:
_java_thread_list=0x0000015a8de4b900, length=53, elements={
0x0000015aec0760f0, 0x0000015aff8217d0, 0x0000015a860be320, 0x0000015a860a78f0,
0x0000015a860a83a0, 0x0000015a860a8d50, 0x0000015a860a9700, 0x0000015a860e5820,
0x0000015a860e62c0, 0x0000015a860f21c0, 0x0000015a860809c0, 0x0000015a863fea90,
0x0000015a8c371920, 0x0000015a8c419890, 0x0000015a8bbae8e0, 0x0000015a8b2cb600,
0x0000015a8b7c8b60, 0x0000015a8ca101c0, 0x0000015a8ca10690, 0x0000015a8b3f6dd0,
0x0000015a8c73e250, 0x0000015a8c73ebf0, 0x0000015a8c73e720, 0x0000015a8c73c0a0,
0x0000015a8c73b230, 0x0000015a8c73b700, 0x0000015a8c73dd80, 0x0000015a8c73bbd0,
0x0000015a8c73c570, 0x0000015a8c73ca40, 0x0000015a8c73cf10, 0x0000015a8c73d3e0,
0x0000015a8c73d8b0, 0x0000015a8d764e60, 0x0000015a8d7644c0, 0x0000015a8d766b40,
0x0000015a8d765800, 0x0000015a8d764990, 0x0000015a8d766670, 0x0000015a8d767e80,
0x0000015a8d765330, 0x0000015a8d767010, 0x0000015a8d76aea0, 0x0000015a8d7674e0,
0x0000015a8d76a030, 0x0000015a8d7691c0, 0x0000015a8d76a500, 0x0000015a8d7679b0,
0x0000015a8d768350, 0x0000015a8d76b840, 0x0000015a8d768820, 0x0000015a8d76b370,
0x0000015a8d768cf0
}

Java Threads: ( => current thread )
  0x0000015aec0760f0 JavaThread "main" [_thread_blocked, id=20412, stack(0x0000002c30000000,0x0000002c30100000)]
  0x0000015aff8217d0 JavaThread "Reference Handler" daemon [_thread_blocked, id=1912, stack(0x0000002c30700000,0x0000002c30800000)]
  0x0000015a860be320 JavaThread "Finalizer" daemon [_thread_blocked, id=23756, stack(0x0000002c30800000,0x0000002c30900000)]
  0x0000015a860a78f0 JavaThread "Signal Dispatcher" daemon [_thread_blocked, id=29436, stack(0x0000002c30900000,0x0000002c30a00000)]
  0x0000015a860a83a0 JavaThread "Attach Listener" daemon [_thread_blocked, id=12092, stack(0x0000002c30a00000,0x0000002c30b00000)]
  0x0000015a860a8d50 JavaThread "Service Thread" daemon [_thread_blocked, id=4480, stack(0x0000002c30b00000,0x0000002c30c00000)]
  0x0000015a860a9700 JavaThread "Monitor Deflation Thread" daemon [_thread_blocked, id=18972, stack(0x0000002c30c00000,0x0000002c30d00000)]
  0x0000015a860e5820 JavaThread "C2 CompilerThread0" daemon [_thread_blocked, id=14452, stack(0x0000002c30d00000,0x0000002c30e00000)]
  0x0000015a860e62c0 JavaThread "C1 CompilerThread0" daemon [_thread_blocked, id=32428, stack(0x0000002c30e00000,0x0000002c30f00000)]
  0x0000015a860f21c0 JavaThread "Sweeper thread" daemon [_thread_blocked, id=7376, stack(0x0000002c30f00000,0x0000002c31000000)]
  0x0000015a860809c0 JavaThread "Common-Cleaner" daemon [_thread_blocked, id=10740, stack(0x0000002c31000000,0x0000002c31100000)]
  0x0000015a863fea90 JavaThread "Notification Thread" daemon [_thread_blocked, id=30600, stack(0x0000002c31100000,0x0000002c31200000)]
  0x0000015a8c371920 JavaThread "Daemon health stats" [_thread_blocked, id=25608, stack(0x0000002c31900000,0x0000002c31a00000)]
  0x0000015a8c419890 JavaThread "Incoming local TCP Connector on port 52238" [_thread_in_native, id=13176, stack(0x0000002c31300000,0x0000002c31400000)]
  0x0000015a8bbae8e0 JavaThread "Daemon periodic checks" [_thread_blocked, id=23028, stack(0x0000002c31b00000,0x0000002c31c00000)]
  0x0000015a8b2cb600 JavaThread "Daemon" [_thread_blocked, id=26952, stack(0x0000002c31c00000,0x0000002c31d00000)]
  0x0000015a8b7c8b60 JavaThread "Handler for socket connection from /127.0.0.1:52238 to /127.0.0.1:52239" [_thread_in_native, id=8392, stack(0x0000002c31d00000,0x0000002c31e00000)]
  0x0000015a8ca101c0 JavaThread "Cancel handler" [_thread_blocked, id=28900, stack(0x0000002c31e00000,0x0000002c31f00000)]
  0x0000015a8ca10690 JavaThread "Daemon worker" [_thread_blocked, id=11644, stack(0x0000002c31f00000,0x0000002c32000000)]
  0x0000015a8b3f6dd0 JavaThread "Asynchronous log dispatcher for DefaultDaemonConnection: socket connection from /127.0.0.1:52238 to /127.0.0.1:52239" [_thread_blocked, id=10784, stack(0x0000002c32000000,0x0000002c32100000)]
  0x0000015a8c73e250 JavaThread "Stdin handler" [_thread_blocked, id=12752, stack(0x0000002c32100000,0x0000002c32200000)]
  0x0000015a8c73ebf0 JavaThread "Daemon client event forwarder" [_thread_blocked, id=7140, stack(0x0000002c32200000,0x0000002c32300000)]
  0x0000015a8c73e720 JavaThread "Cache worker for journal cache (C:\Users\60170\.gradle\caches\journal-1)" [_thread_blocked, id=2500, stack(0x0000002c31a00000,0x0000002c31b00000)]
  0x0000015a8c73c0a0 JavaThread "File lock request listener" [_thread_in_native, id=13636, stack(0x0000002c32600000,0x0000002c32700000)]
  0x0000015a8c73b230 JavaThread "Cache worker for file hash cache (C:\Users\60170\.gradle\caches\8.4\fileHashes)" [_thread_blocked, id=9616, stack(0x0000002c32700000,0x0000002c32800000)]
  0x0000015a8c73b700 JavaThread "File watcher server" daemon [_thread_blocked, id=22000, stack(0x0000002c32900000,0x0000002c32a00000)]
  0x0000015a8c73dd80 JavaThread "File watcher consumer" daemon [_thread_blocked, id=21256, stack(0x0000002c32a00000,0x0000002c32b00000)]
  0x0000015a8c73bbd0 JavaThread "Cache worker for checksums cache (D:\Saapp\KMM_Role\.gradle\8.4\checksums)" [_thread_blocked, id=32024, stack(0x0000002c32800000,0x0000002c32900000)]
  0x0000015a8c73c570 JavaThread "Cache worker for file hash cache (D:\Saapp\KMM_Role\.gradle\8.4\fileHashes)" [_thread_blocked, id=6340, stack(0x0000002c32b00000,0x0000002c32c00000)]
  0x0000015a8c73ca40 JavaThread "Cache worker for cache directory md-supplier (C:\Users\60170\.gradle\caches\8.4\md-supplier)" [_thread_blocked, id=28764, stack(0x0000002c32c00000,0x0000002c32d00000)]
  0x0000015a8c73cf10 JavaThread "Cache worker for file content cache (C:\Users\60170\.gradle\caches\8.4\fileContent)" [_thread_blocked, id=6816, stack(0x0000002c32d00000,0x0000002c32e00000)]
  0x0000015a8c73d3e0 JavaThread "File lock release action executor" [_thread_blocked, id=12268, stack(0x0000002c32e00000,0x0000002c32f00000)]
  0x0000015a8c73d8b0 JavaThread "Cache worker for cache directory md-rule (C:\Users\60170\.gradle\caches\8.4\md-rule)" [_thread_blocked, id=26324, stack(0x0000002c32f00000,0x0000002c33000000)]
  0x0000015a8d764e60 JavaThread "Cache worker for execution history cache (C:\Users\60170\.gradle\caches\8.4\executionHistory)" [_thread_blocked, id=31268, stack(0x0000002c33100000,0x0000002c33200000)]
  0x0000015a8d7644c0 JavaThread "jar transforms" [_thread_blocked, id=13524, stack(0x0000002c33300000,0x0000002c33400000)]
  0x0000015a8d766b40 JavaThread "jar transforms Thread 2" [_thread_blocked, id=18984, stack(0x0000002c33400000,0x0000002c33500000)]
  0x0000015a8d765800 JavaThread "jar transforms Thread 3" [_thread_blocked, id=12608, stack(0x0000002c33500000,0x0000002c33600000)]
  0x0000015a8d764990 JavaThread "jar transforms Thread 4" [_thread_blocked, id=10344, stack(0x0000002c33600000,0x0000002c33700000)]
  0x0000015a8d766670 JavaThread "Cache worker for kotlin-dsl (C:\Users\60170\.gradle\caches\8.4\kotlin-dsl)" [_thread_blocked, id=17048, stack(0x0000002c33700000,0x0000002c33800000)]
  0x0000015a8d767e80 JavaThread "jar transforms Thread 5" [_thread_blocked, id=12736, stack(0x0000002c33800000,0x0000002c33900000)]
  0x0000015a8d765330 JavaThread "jar transforms Thread 6" [_thread_blocked, id=19212, stack(0x0000002c33900000,0x0000002c33a00000)]
  0x0000015a8d767010 JavaThread "jar transforms Thread 7" [_thread_blocked, id=27680, stack(0x0000002c33a00000,0x0000002c33b00000)]
  0x0000015a8d76aea0 JavaThread "jar transforms Thread 8" [_thread_blocked, id=8840, stack(0x0000002c33b00000,0x0000002c33c00000)]
  0x0000015a8d7674e0 JavaThread "Cache worker for dependencies-accessors (D:\Saapp\KMM_Role\.gradle\8.4\dependencies-accessors)" [_thread_blocked, id=11368, stack(0x0000002c33c00000,0x0000002c33d00000)]
  0x0000015a8d76a030 JavaThread "Cache worker for Build Output Cleanup Cache (D:\Saapp\KMM_Role\.gradle\buildOutputCleanup)" [_thread_blocked, id=18708, stack(0x0000002c33200000,0x0000002c33300000)]
  0x0000015a8d7691c0 JavaThread "Unconstrained build operations" [_thread_blocked, id=31652, stack(0x0000002c33d00000,0x0000002c33e00000)]
  0x0000015a8d76a500 JavaThread "Unconstrained build operations Thread 2" [_thread_blocked, id=9740, stack(0x0000002c33e00000,0x0000002c33f00000)]
  0x0000015a8d7679b0 JavaThread "Unconstrained build operations Thread 3" [_thread_blocked, id=27324, stack(0x0000002c33f00000,0x0000002c34000000)]
  0x0000015a8d768350 JavaThread "Unconstrained build operations Thread 4" [_thread_blocked, id=21196, stack(0x0000002c34000000,0x0000002c34100000)]
  0x0000015a8d76b840 JavaThread "Unconstrained build operations Thread 5" [_thread_blocked, id=3184, stack(0x0000002c34100000,0x0000002c34200000)]
  0x0000015a8d768820 JavaThread "Unconstrained build operations Thread 6" [_thread_blocked, id=18560, stack(0x0000002c34200000,0x0000002c34300000)]
  0x0000015a8d76b370 JavaThread "Unconstrained build operations Thread 7" [_thread_blocked, id=20408, stack(0x0000002c34300000,0x0000002c34400000)]
  0x0000015a8d768cf0 JavaThread "build event listener" [_thread_blocked, id=15708, stack(0x0000002c34400000,0x0000002c34500000)]

Other Threads:
=>0x0000015aff85ed10 VMThread "VM Thread" [stack: 0x0000002c30600000,0x0000002c30700000] [id=15500]
  0x0000015a865431d0 WatcherThread [stack: 0x0000002c31200000,0x0000002c31300000] [id=17844]
  0x0000015aec0d1d10 GCTaskThread "GC Thread#0" [stack: 0x0000002c30100000,0x0000002c30200000] [id=30952]
  0x0000015a86ce5a40 GCTaskThread "GC Thread#1" [stack: 0x0000002c31400000,0x0000002c31500000] [id=9072]
  0x0000015a86ce54e0 GCTaskThread "GC Thread#2" [stack: 0x0000002c31500000,0x0000002c31600000] [id=27664]
  0x0000015a86ce5790 GCTaskThread "GC Thread#3" [stack: 0x0000002c31600000,0x0000002c31700000] [id=10800]
  0x0000015a86ce5fa0 GCTaskThread "GC Thread#4" [stack: 0x0000002c31700000,0x0000002c31800000] [id=29604]
  0x0000015a86ce44c0 GCTaskThread "GC Thread#5" [stack: 0x0000002c31800000,0x0000002c31900000] [id=28020]
  0x0000015a8c5bf5d0 GCTaskThread "GC Thread#6" [stack: 0x0000002c32300000,0x0000002c32400000] [id=19352]
  0x0000015a8c5bf070 GCTaskThread "GC Thread#7" [stack: 0x0000002c32400000,0x0000002c32500000] [id=8400]
  0x0000015aec0e2c50 ConcurrentGCThread "G1 Main Marker" [stack: 0x0000002c30200000,0x0000002c30300000] [id=20664]
  0x0000015aec0e37c0 ConcurrentGCThread "G1 Conc#0" [stack: 0x0000002c30300000,0x0000002c30400000] [id=12128]
  0x0000015a8c5c0090 ConcurrentGCThread "G1 Conc#1" [stack: 0x0000002c32500000,0x0000002c32600000] [id=20756]
  0x0000015aff753cf0 ConcurrentGCThread "G1 Refine#0" [stack: 0x0000002c30400000,0x0000002c30500000] [id=17968]
  0x0000015a8c583880 ConcurrentGCThread "G1 Refine#1" [stack: 0x0000002c33000000,0x0000002c33100000] [id=9948]
  0x0000015aff7553d0 ConcurrentGCThread "G1 Service" [stack: 0x0000002c30500000,0x0000002c30600000] [id=32076]

Threads with active compile tasks:
C2 CompilerThread0    20196 6988       4       org.objectweb.asm.SymbolTable::addConstantMemberReference (147 bytes)

VM state: at safepoint (normal execution)

VM Mutex/Monitor currently owned by a thread:  ([mutex/lock_event])
[0x0000015aec070b40] Threads_lock - owner thread: 0x0000015aff85ed10
[0x0000015aec071f80] Heap_lock - owner thread: 0x0000015a8ca10690

Heap address: 0x0000000080000000, size: 2048 MB, Compressed Oops mode: 32-bit

CDS archive(s) not mapped
Compressed class space mapped at: 0x0000000100000000-0x0000000140000000, reserved size: 1073741824
Narrow klass base: 0x0000000000000000, Narrow klass shift: 3, Narrow klass range: 0x140000000

GC Precious Log:
 CPUs: 8 total, 8 available
 Memory: 16197M
 Large Page Support: Disabled
 NUMA Support: Disabled
 Compressed Oops: Enabled (32-bit)
 Heap Region Size: 1M
 Heap Min Capacity: 8M
 Heap Initial Capacity: 254M
 Heap Max Capacity: 2G
 Pre-touch: Disabled
 Parallel Workers: 8
 Concurrent Workers: 2
 Concurrent Refinement Workers: 8
 Periodic GC: Disabled

Heap:
 garbage-first heap   total 107520K, used 63777K [0x0000000080000000, 0x0000000100000000)
  region size 1024K, 1 young (1024K), 1 survivors (1024K)
 Metaspace       used 66104K, committed 66688K, reserved 1114112K
  class space    used 8978K, committed 9216K, reserved 1048576K

Heap Regions: E=young(eden), S=young(survivor), O=old, HS=humongous(starts), HC=humongous(continues), CS=collection set, F=free, OA=open archive, CA=closed archive, TAMS=top-at-mark-start (previous, next)
|   0|0x0000000080000000, 0x0000000080100000, 0x0000000080100000|100%|HS|  |TAMS 0x0000000080100000, 0x0000000080000000| Complete 
|   1|0x0000000080100000, 0x0000000080200000, 0x0000000080200000|100%|HC|  |TAMS 0x0000000080200000, 0x0000000080100000| Complete 
|   2|0x0000000080200000, 0x0000000080300000, 0x0000000080300000|100%|HC|  |TAMS 0x0000000080300000, 0x0000000080200000| Complete 
|   3|0x0000000080300000, 0x0000000080400000, 0x0000000080400000|100%|HC|  |TAMS 0x0000000080400000, 0x0000000080300000| Complete 
|   4|0x0000000080400000, 0x0000000080500000, 0x0000000080500000|100%| O|  |TAMS 0x0000000080500000, 0x0000000080400000| Untracked 
|   5|0x0000000080500000, 0x0000000080600000, 0x0000000080600000|100%| O|  |TAMS 0x0000000080600000, 0x0000000080500000| Untracked 
|   6|0x0000000080600000, 0x0000000080700000, 0x0000000080700000|100%| O|  |TAMS 0x0000000080700000, 0x0000000080600000| Untracked 
|   7|0x0000000080700000, 0x0000000080800000, 0x0000000080800000|100%| O|  |TAMS 0x0000000080800000, 0x0000000080700000| Untracked 
|   8|0x0000000080800000, 0x0000000080900000, 0x0000000080900000|100%| O|  |TAMS 0x0000000080900000, 0x0000000080800000| Untracked 
|   9|0x0000000080900000, 0x0000000080a00000, 0x0000000080a00000|100%| O|  |TAMS 0x0000000080a00000, 0x0000000080900000| Untracked 
|  10|0x0000000080a00000, 0x0000000080b00000, 0x0000000080b00000|100%| O|  |TAMS 0x0000000080b00000, 0x0000000080a00000| Untracked 
|  11|0x0000000080b00000, 0x0000000080c00000, 0x0000000080c00000|100%|HS|  |TAMS 0x0000000080c00000, 0x0000000080b00000| Complete 
|  12|0x0000000080c00000, 0x0000000080d00000, 0x0000000080d00000|100%| O|  |TAMS 0x0000000080d00000, 0x0000000080c00000| Untracked 
|  13|0x0000000080d00000, 0x0000000080e00000, 0x0000000080e00000|100%| O|  |TAMS 0x0000000080e00000, 0x0000000080d00000| Untracked 
|  14|0x0000000080e00000, 0x0000000080f00000, 0x0000000080f00000|100%| O|  |TAMS 0x0000000080f00000, 0x0000000080e00000| Untracked 
|  15|0x0000000080f00000, 0x0000000081000000, 0x0000000081000000|100%|HS|  |TAMS 0x0000000081000000, 0x0000000080f00000| Complete 
|  16|0x0000000081000000, 0x0000000081100000, 0x0000000081100000|100%| O|  |TAMS 0x0000000081100000, 0x0000000081000000| Untracked 
|  17|0x0000000081100000, 0x0000000081200000, 0x0000000081200000|100%| O|  |TAMS 0x0000000081200000, 0x0000000081100000| Untracked 
|  18|0x0000000081200000, 0x0000000081300000, 0x0000000081300000|100%| O|  |TAMS 0x0000000081300000, 0x0000000081200000| Untracked 
|  19|0x0000000081300000, 0x0000000081400000, 0x0000000081400000|100%| O|  |TAMS 0x0000000081400000, 0x0000000081300000| Untracked 
|  20|0x0000000081400000, 0x0000000081500000, 0x0000000081500000|100%| O|  |TAMS 0x0000000081500000, 0x0000000081400000| Untracked 
|  21|0x0000000081500000, 0x0000000081600000, 0x0000000081600000|100%| O|  |TAMS 0x0000000081600000, 0x0000000081500000| Untracked 
|  22|0x0000000081600000, 0x0000000081700000, 0x0000000081700000|100%| O|  |TAMS 0x0000000081700000, 0x0000000081600000| Untracked 
|  23|0x0000000081700000, 0x0000000081800000, 0x0000000081800000|100%| O|  |TAMS 0x0000000081800000, 0x0000000081700000| Untracked 
|  24|0x0000000081800000, 0x0000000081900000, 0x0000000081900000|100%| O|  |TAMS 0x0000000081900000, 0x0000000081800000| Untracked 
|  25|0x0000000081900000, 0x0000000081900000, 0x0000000081a00000|  0%| F|  |TAMS 0x0000000081900000, 0x0000000081900000| Untracked 
|  26|0x0000000081a00000, 0x0000000081b00000, 0x0000000081b00000|100%| O|  |TAMS 0x0000000081b00000, 0x0000000081a00000| Untracked 
|  27|0x0000000081b00000, 0x0000000081c00000, 0x0000000081c00000|100%| O|  |TAMS 0x0000000081c00000, 0x0000000081b00000| Untracked 
|  28|0x0000000081c00000, 0x0000000081d00000, 0x0000000081d00000|100%| O|  |TAMS 0x0000000081d00000, 0x0000000081c00000| Untracked 
|  29|0x0000000081d00000, 0x0000000081e00000, 0x0000000081e00000|100%| O|  |TAMS 0x0000000081e00000, 0x0000000081d00000| Untracked 
|  30|0x0000000081e00000, 0x0000000081f00000, 0x0000000081f00000|100%| O|  |TAMS 0x0000000081f00000, 0x0000000081e00000| Untracked 
|  31|0x0000000081f00000, 0x0000000082000000, 0x0000000082000000|100%| O|  |TAMS 0x0000000082000000, 0x0000000081f00000| Untracked 
|  32|0x0000000082000000, 0x0000000082100000, 0x0000000082100000|100%| O|  |TAMS 0x0000000082100000, 0x0000000082000000| Untracked 
|  33|0x0000000082100000, 0x0000000082200000, 0x0000000082200000|100%| O|  |TAMS 0x0000000082200000, 0x0000000082100000| Untracked 
|  34|0x0000000082200000, 0x0000000082300000, 0x0000000082300000|100%| O|  |TAMS 0x0000000082300000, 0x0000000082200000| Untracked 
|  35|0x0000000082300000, 0x0000000082400000, 0x0000000082400000|100%| O|  |TAMS 0x0000000082400000, 0x0000000082300000| Untracked 
|  36|0x0000000082400000, 0x0000000082500000, 0x0000000082500000|100%| O|  |TAMS 0x0000000082500000, 0x0000000082400000| Untracked 
|  37|0x0000000082500000, 0x0000000082600000, 0x0000000082600000|100%| O|  |TAMS 0x0000000082600000, 0x0000000082500000| Untracked 
|  38|0x0000000082600000, 0x0000000082700000, 0x0000000082700000|100%| O|  |TAMS 0x0000000082700000, 0x0000000082600000| Untracked 
|  39|0x0000000082700000, 0x0000000082800000, 0x0000000082800000|100%| O|  |TAMS 0x0000000082700000, 0x0000000082700000| Untracked 
|  40|0x0000000082800000, 0x0000000082900000, 0x0000000082900000|100%|HS|  |TAMS 0x0000000082900000, 0x0000000082800000| Complete 
|  41|0x0000000082900000, 0x0000000082a00000, 0x0000000082a00000|100%|HS|  |TAMS 0x0000000082a00000, 0x0000000082900000| Complete 
|  42|0x0000000082a00000, 0x0000000082b00000, 0x0000000082b00000|100%|HC|  |TAMS 0x0000000082b00000, 0x0000000082a00000| Complete 
|  43|0x0000000082b00000, 0x0000000082c00000, 0x0000000082c00000|100%|HS|  |TAMS 0x0000000082c00000, 0x0000000082b00000| Complete 
|  44|0x0000000082c00000, 0x0000000082d00000, 0x0000000082d00000|100%|HC|  |TAMS 0x0000000082d00000, 0x0000000082c00000| Complete 
|  45|0x0000000082d00000, 0x0000000082e00000, 0x0000000082e00000|100%| O|  |TAMS 0x0000000082e00000, 0x0000000082d00000| Untracked 
|  46|0x0000000082e00000, 0x0000000082f00000, 0x0000000082f00000|100%| O|  |TAMS 0x0000000082f00000, 0x0000000082e00000| Untracked 
|  47|0x0000000082f00000, 0x0000000083000000, 0x0000000083000000|100%| O|  |TAMS 0x0000000083000000, 0x0000000082f00000| Untracked 
|  48|0x0000000083000000, 0x0000000083100000, 0x0000000083100000|100%| O|  |TAMS 0x0000000083100000, 0x0000000083000000| Untracked 
|  49|0x0000000083100000, 0x0000000083200000, 0x0000000083200000|100%|HS|  |TAMS 0x0000000083200000, 0x0000000083100000| Complete 
|  50|0x0000000083200000, 0x0000000083300000, 0x0000000083300000|100%|HC|  |TAMS 0x0000000083300000, 0x0000000083200000| Complete 
|  51|0x0000000083300000, 0x0000000083400000, 0x0000000083400000|100%|HC|  |TAMS 0x0000000083400000, 0x0000000083300000| Complete 
|  52|0x0000000083400000, 0x0000000083500000, 0x0000000083500000|100%|HC|  |TAMS 0x0000000083500000, 0x0000000083400000| Complete 
|  53|0x0000000083500000, 0x0000000083600000, 0x0000000083600000|100%|HS|  |TAMS 0x0000000083600000, 0x0000000083500000| Complete 
|  54|0x0000000083600000, 0x0000000083700000, 0x0000000083700000|100%|HC|  |TAMS 0x0000000083700000, 0x0000000083600000| Complete 
|  55|0x0000000083700000, 0x0000000083800000, 0x0000000083800000|100%|HC|  |TAMS 0x0000000083800000, 0x0000000083700000| Complete 
|  56|0x0000000083800000, 0x0000000083900000, 0x0000000083900000|100%|HC|  |TAMS 0x0000000083900000, 0x0000000083800000| Complete 
|  57|0x0000000083900000, 0x0000000083a00000, 0x0000000083a00000|100%| O|  |TAMS 0x0000000083a00000, 0x0000000083900000| Untracked 
|  58|0x0000000083a00000, 0x0000000083b00000, 0x0000000083b00000|100%| O|  |TAMS 0x0000000083b00000, 0x0000000083a00000| Untracked 
|  59|0x0000000083b00000, 0x0000000083c00000, 0x0000000083c00000|100%| O|  |TAMS 0x0000000083c00000, 0x0000000083b00000| Untracked 
|  60|0x0000000083c00000, 0x0000000083d00000, 0x0000000083d00000|100%| O|  |TAMS 0x0000000083c34c00, 0x0000000083c00000| Untracked 
|  61|0x0000000083d00000, 0x0000000083e00000, 0x0000000083e00000|100%| O|  |TAMS 0x0000000083d00000, 0x0000000083d00000| Untracked 
|  62|0x0000000083e00000, 0x0000000083e87000, 0x0000000083f00000| 52%| O|  |TAMS 0x0000000083e00000, 0x0000000083e00000| Untracked 
|  63|0x0000000083f00000, 0x0000000083f00000, 0x0000000084000000|  0%| F|  |TAMS 0x0000000083f00000, 0x0000000083f00000| Untracked 
|  64|0x0000000084000000, 0x0000000084000000, 0x0000000084100000|  0%| F|  |TAMS 0x0000000084000000, 0x0000000084000000| Untracked 
|  65|0x0000000084100000, 0x0000000084100000, 0x0000000084200000|  0%| F|  |TAMS 0x0000000084100000, 0x0000000084100000| Untracked 
|  66|0x0000000084200000, 0x0000000084200000, 0x0000000084300000|  0%| F|  |TAMS 0x0000000084200000, 0x0000000084200000| Untracked 
|  67|0x0000000084300000, 0x0000000084300000, 0x0000000084400000|  0%| F|  |TAMS 0x0000000084300000, 0x0000000084300000| Untracked 
|  68|0x0000000084400000, 0x0000000084400000, 0x0000000084500000|  0%| F|  |TAMS 0x0000000084400000, 0x0000000084400000| Untracked 
|  69|0x0000000084500000, 0x0000000084500000, 0x0000000084600000|  0%| F|  |TAMS 0x0000000084500000, 0x0000000084500000| Untracked 
|  70|0x0000000084600000, 0x0000000084600000, 0x0000000084700000|  0%| F|  |TAMS 0x0000000084600000, 0x0000000084600000| Untracked 
|  71|0x0000000084700000, 0x0000000084700000, 0x0000000084800000|  0%| F|  |TAMS 0x0000000084700000, 0x0000000084700000| Untracked 
|  72|0x0000000084800000, 0x0000000084800000, 0x0000000084900000|  0%| F|  |TAMS 0x0000000084800000, 0x0000000084800000| Untracked 
|  73|0x0000000084900000, 0x0000000084900000, 0x0000000084a00000|  0%| F|  |TAMS 0x0000000084900000, 0x0000000084900000| Untracked 
|  74|0x0000000084a00000, 0x0000000084a00000, 0x0000000084b00000|  0%| F|  |TAMS 0x0000000084a00000, 0x0000000084a00000| Untracked 
|  75|0x0000000084b00000, 0x0000000084b00000, 0x0000000084c00000|  0%| F|  |TAMS 0x0000000084b00000, 0x0000000084b00000| Untracked 
|  76|0x0000000084c00000, 0x0000000084c00000, 0x0000000084d00000|  0%| F|  |TAMS 0x0000000084c00000, 0x0000000084c00000| Untracked 
|  77|0x0000000084d00000, 0x0000000084d00000, 0x0000000084e00000|  0%| F|  |TAMS 0x0000000084d00000, 0x0000000084d00000| Untracked 
|  78|0x0000000084e00000, 0x0000000084e00000, 0x0000000084f00000|  0%| F|  |TAMS 0x0000000084e00000, 0x0000000084e00000| Untracked 
|  79|0x0000000084f00000, 0x0000000084f00000, 0x0000000085000000|  0%| F|  |TAMS 0x0000000084f00000, 0x0000000084f00000| Untracked 
|  80|0x0000000085000000, 0x0000000085000000, 0x0000000085100000|  0%| F|  |TAMS 0x0000000085000000, 0x0000000085000000| Untracked 
|  81|0x0000000085100000, 0x0000000085100000, 0x0000000085200000|  0%| F|  |TAMS 0x0000000085100000, 0x0000000085100000| Untracked 
|  82|0x0000000085200000, 0x0000000085200000, 0x0000000085300000|  0%| F|  |TAMS 0x0000000085200000, 0x0000000085200000| Untracked 
|  83|0x0000000085300000, 0x0000000085300000, 0x0000000085400000|  0%| F|  |TAMS 0x0000000085300000, 0x0000000085300000| Untracked 
|  84|0x0000000085400000, 0x00000000854c17d8, 0x0000000085500000| 75%| S|CS|TAMS 0x0000000085400000, 0x0000000085400000| Complete 
|  85|0x0000000085500000, 0x0000000085500000, 0x0000000085600000|  0%| F|  |TAMS 0x0000000085500000, 0x0000000085500000| Untracked 
|  86|0x0000000085600000, 0x0000000085600000, 0x0000000085700000|  0%| F|  |TAMS 0x0000000085600000, 0x0000000085600000| Untracked 
|  87|0x0000000085700000, 0x0000000085700000, 0x0000000085800000|  0%| F|  |TAMS 0x0000000085700000, 0x0000000085700000| Untracked 
|  88|0x0000000085800000, 0x0000000085800000, 0x0000000085900000|  0%| F|  |TAMS 0x0000000085800000, 0x0000000085800000| Untracked 
|  89|0x0000000085900000, 0x0000000085900000, 0x0000000085a00000|  0%| F|  |TAMS 0x0000000085900000, 0x0000000085900000| Untracked 
|  90|0x0000000085a00000, 0x0000000085a00000, 0x0000000085b00000|  0%| F|  |TAMS 0x0000000085a00000, 0x0000000085a00000| Untracked 
|  91|0x0000000085b00000, 0x0000000085b00000, 0x0000000085c00000|  0%| F|  |TAMS 0x0000000085b00000, 0x0000000085b00000| Untracked 
|  92|0x0000000085c00000, 0x0000000085c00000, 0x0000000085d00000|  0%| F|  |TAMS 0x0000000085c00000, 0x0000000085c00000| Untracked 
|  93|0x0000000085d00000, 0x0000000085d00000, 0x0000000085e00000|  0%| F|  |TAMS 0x0000000085d00000, 0x0000000085d00000| Untracked 
|  94|0x0000000085e00000, 0x0000000085e00000, 0x0000000085f00000|  0%| F|  |TAMS 0x0000000085e00000, 0x0000000085e00000| Untracked 
|  95|0x0000000085f00000, 0x0000000085f00000, 0x0000000086000000|  0%| F|  |TAMS 0x0000000085f00000, 0x0000000085f00000| Untracked 
| 199|0x000000008c700000, 0x000000008c700000, 0x000000008c800000|  0%| F|  |TAMS 0x000000008c700000, 0x000000008c700000| Untracked 
| 200|0x000000008c800000, 0x000000008c800000, 0x000000008c900000|  0%| F|  |TAMS 0x000000008c800000, 0x000000008c800000| Untracked 
| 201|0x000000008c900000, 0x000000008c900000, 0x000000008ca00000|  0%| F|  |TAMS 0x000000008c900000, 0x000000008c900000| Untracked 
| 202|0x000000008ca00000, 0x000000008ca00000, 0x000000008cb00000|  0%| F|  |TAMS 0x000000008ca00000, 0x000000008ca00000| Untracked 
| 203|0x000000008cb00000, 0x000000008cb00000, 0x000000008cc00000|  0%| F|  |TAMS 0x000000008cb00000, 0x000000008cb00000| Untracked 
| 204|0x000000008cc00000, 0x000000008cc00000, 0x000000008cd00000|  0%| F|  |TAMS 0x000000008cc00000, 0x000000008cc00000| Untracked 
| 205|0x000000008cd00000, 0x000000008cd00000, 0x000000008ce00000|  0%| F|  |TAMS 0x000000008cd00000, 0x000000008cd00000| Untracked 
| 206|0x000000008ce00000, 0x000000008ce00000, 0x000000008cf00000|  0%| F|  |TAMS 0x000000008ce00000, 0x000000008ce00000| Untracked 
| 253|0x000000008fd00000, 0x000000008fd00000, 0x000000008fe00000|  0%| F|  |TAMS 0x000000008fd00000, 0x000000008fd00000| Untracked 

Card table byte_map: [0x0000015afec40000,0x0000015aff040000] _byte_map_base: 0x0000015afe840000

Marking Bits (Prev, Next): (CMBitMap*) 0x0000015aec0d2360, (CMBitMap*) 0x0000015aec0d2320
 Prev Bits: [0x0000015a82000000, 0x0000015a84000000)
 Next Bits: [0x0000015a80000000, 0x0000015a82000000)

Polling page: 0x0000015ae9b20000

Metaspace:

Usage:
  Non-class:     55.79 MB used.
      Class:      8.77 MB used.
       Both:     64.56 MB used.

Virtual space:
  Non-class space:       64.00 MB reserved,      56.12 MB ( 88%) committed,  1 nodes.
      Class space:        1.00 GB reserved,       9.00 MB ( <1%) committed,  1 nodes.
             Both:        1.06 GB reserved,      65.12 MB (  6%) committed. 

Chunk freelists:
   Non-Class:  7.36 MB
       Class:  6.88 MB
        Both:  14.23 MB

MaxMetaspaceSize: unlimited
CompressedClassSpaceSize: 1.00 GB
Initial GC threshold: 21.00 MB
Current GC threshold: 102.94 MB
CDS: off
MetaspaceReclaimPolicy: balanced
 - commit_granule_bytes: 65536.
 - commit_granule_words: 8192.
 - virtual_space_node_default_size: 8388608.
 - enlarge_chunks_in_place: 1.
 - new_chunks_are_fully_committed: 0.
 - uncommit_free_chunks: 1.
 - use_allocation_guard: 0.
 - handle_deallocations: 1.


Internal statistics:

num_allocs_failed_limit: 6.
num_arena_births: 694.
num_arena_deaths: 0.
num_vsnodes_births: 2.
num_vsnodes_deaths: 0.
num_space_committed: 1042.
num_space_uncommitted: 0.
num_chunks_returned_to_freelist: 6.
num_chunks_taken_from_freelist: 2924.
num_chunk_merges: 6.
num_chunk_splits: 1951.
num_chunks_enlarged: 1335.
num_inconsistent_stats: 0.

CodeHeap 'non-profiled nmethods': size=120000Kb used=3186Kb max_used=3455Kb free=116813Kb
 bounds [0x0000015af6fe0000, 0x0000015af7340000, 0x0000015afe510000]
CodeHeap 'profiled nmethods': size=120000Kb used=11606Kb max_used=11865Kb free=108393Kb
 bounds [0x0000015aef510000, 0x0000015af00b0000, 0x0000015af6a40000]
CodeHeap 'non-nmethods': size=5760Kb used=2350Kb max_used=2416Kb free=3409Kb
 bounds [0x0000015af6a40000, 0x0000015af6cc0000, 0x0000015af6fe0000]
 total_blobs=7019 nmethods=6143 adapters=788
 compilation: enabled
              stopped_count=0, restarted_count=0
 full_count=0

Compilation events (20 events):
Event: 19.940 Thread 0x0000015a860e62c0 6984       3       org.gradle.internal.instantiation.generator.AbstractClassGenerator::inspectType (560 bytes)
Event: 19.943 Thread 0x0000015a860e62c0 nmethod 6984 0x0000015aef995d10 code [0x0000015aef9964a0, 0x0000015aef99af48]
Event: 19.944 Thread 0x0000015a860e62c0 6985       3       sun.reflect.generics.reflectiveObjects.WildcardTypeImpl::getLowerBounds (34 bytes)
Event: 19.945 Thread 0x0000015a860e62c0 nmethod 6985 0x0000015aef8f4c90 code [0x0000015aef8f4e60, 0x0000015aef8f5498]
Event: 19.960 Thread 0x0000015a860e5820 nmethod 6977 0x0000015af7094310 code [0x0000015af70944c0, 0x0000015af70950b8]
Event: 19.960 Thread 0x0000015a860e5820 6982       4       org.gradle.internal.instantiation.generator.AbstractClassGenerator$InjectionAnnotationValidator::validateMethod (166 bytes)
Event: 19.965 Thread 0x0000015a860e5820 nmethod 6982 0x0000015af7093b10 code [0x0000015af7093cc0, 0x0000015af7094048]
Event: 19.965 Thread 0x0000015a860e5820 6983       4       org.gradle.internal.instantiation.generator.AbstractClassGenerator$InjectionAnnotationValidator::validateMethod (502 bytes)
Event: 19.973 Thread 0x0000015a860e62c0 6991       3       org.gradle.internal.instantiation.generator.AbstractClassGenerator$MethodMetadata::getName (8 bytes)
Event: 19.973 Thread 0x0000015a860e62c0 nmethod 6991 0x0000015aef719690 code [0x0000015aef719820, 0x0000015aef719958]
Event: 19.974 Thread 0x0000015a860e62c0 6992       3       org.objectweb.asm.ClassWriter::toByteArray (1535 bytes)
Event: 19.981 Thread 0x0000015a860e62c0 nmethod 6992 0x0000015aef907a90 code [0x0000015aef9083a0, 0x0000015aef90c318]
Event: 19.981 Thread 0x0000015a860e62c0 6993       1       org.gradle.api.internal.provider.AbstractProperty$NonFinalizedValue::setConvention (6 bytes)
Event: 19.983 Thread 0x0000015a860e62c0 nmethod 6993 0x0000015af700e510 code [0x0000015af700e6a0, 0x0000015af700e7b8]
Event: 19.983 Thread 0x0000015a860e62c0 6994       1       java.nio.channels.FileLock::acquiredBy (5 bytes)
Event: 19.984 Thread 0x0000015a860e62c0 nmethod 6994 0x0000015af700e210 code [0x0000015af700e3a0, 0x0000015af700e478]
Event: 19.993 Thread 0x0000015a860e5820 nmethod 6983 0x0000015af71dbb10 code [0x0000015af71dbd20, 0x0000015af71dcc10]
Event: 19.993 Thread 0x0000015a860e5820 6988       4       org.objectweb.asm.SymbolTable::addConstantMemberReference (147 bytes)
Event: 20.088 Thread 0x0000015a860e62c0 6996       3       sun.reflect.generics.reflectiveObjects.WildcardTypeImpl::getUpperBounds (34 bytes)
Event: 20.088 Thread 0x0000015a860e62c0 nmethod 6996 0x0000015aef8f4390 code [0x0000015aef8f4560, 0x0000015aef8f4b98]

GC Heap History (20 events):
Event: 15.874 GC heap after
{Heap after GC invocations=21 (full 0):
 garbage-first heap   total 68608K, used 40215K [0x0000000080000000, 0x0000000100000000)
  region size 1024K, 1 young (1024K), 1 survivors (1024K)
 Metaspace       used 57724K, committed 58240K, reserved 1114112K
  class space    used 7822K, committed 8064K, reserved 1048576K
}
Event: 16.705 GC heap before
{Heap before GC invocations=21 (full 0):
 garbage-first heap   total 68608K, used 49431K [0x0000000080000000, 0x0000000100000000)
  region size 1024K, 12 young (12288K), 1 survivors (1024K)
 Metaspace       used 57978K, committed 58560K, reserved 1114112K
  class space    used 7841K, committed 8128K, reserved 1048576K
}
Event: 16.706 GC heap after
{Heap after GC invocations=22 (full 0):
 garbage-first heap   total 68608K, used 40213K [0x0000000080000000, 0x0000000100000000)
  region size 1024K, 1 young (1024K), 1 survivors (1024K)
 Metaspace       used 57978K, committed 58560K, reserved 1114112K
  class space    used 7841K, committed 8128K, reserved 1048576K
}
Event: 17.365 GC heap before
{Heap before GC invocations=23 (full 0):
 garbage-first heap   total 73728K, used 60693K [0x0000000080000000, 0x0000000100000000)
  region size 1024K, 16 young (16384K), 1 survivors (1024K)
 Metaspace       used 59693K, committed 60224K, reserved 1114112K
  class space    used 8072K, committed 8320K, reserved 1048576K
}
Event: 17.368 GC heap after
{Heap after GC invocations=24 (full 0):
 garbage-first heap   total 73728K, used 49168K [0x0000000080000000, 0x0000000100000000)
  region size 1024K, 2 young (2048K), 2 survivors (2048K)
 Metaspace       used 59693K, committed 60224K, reserved 1114112K
  class space    used 8072K, committed 8320K, reserved 1048576K
}
Event: 17.420 GC heap before
{Heap before GC invocations=24 (full 0):
 garbage-first heap   total 73728K, used 49168K [0x0000000080000000, 0x0000000100000000)
  region size 1024K, 3 young (3072K), 2 survivors (2048K)
 Metaspace       used 59887K, committed 60416K, reserved 1114112K
  class space    used 8098K, committed 8320K, reserved 1048576K
}
Event: 17.422 GC heap after
{Heap after GC invocations=25 (full 0):
 garbage-first heap   total 73728K, used 48927K [0x0000000080000000, 0x0000000100000000)
  region size 1024K, 1 young (1024K), 1 survivors (1024K)
 Metaspace       used 59887K, committed 60416K, reserved 1114112K
  class space    used 8098K, committed 8320K, reserved 1048576K
}
Event: 17.754 GC heap before
{Heap before GC invocations=25 (full 0):
 garbage-first heap   total 73728K, used 57119K [0x0000000080000000, 0x0000000100000000)
  region size 1024K, 10 young (10240K), 1 survivors (1024K)
 Metaspace       used 60938K, committed 61504K, reserved 1114112K
  class space    used 8238K, committed 8512K, reserved 1048576K
}
Event: 17.759 GC heap after
{Heap after GC invocations=26 (full 0):
 garbage-first heap   total 73728K, used 49240K [0x0000000080000000, 0x0000000100000000)
  region size 1024K, 1 young (1024K), 1 survivors (1024K)
 Metaspace       used 60938K, committed 61504K, reserved 1114112K
  class space    used 8238K, committed 8512K, reserved 1048576K
}
Event: 18.503 GC heap before
{Heap before GC invocations=27 (full 0):
 garbage-first heap   total 87040K, used 69720K [0x0000000080000000, 0x0000000100000000)
  region size 1024K, 13 young (13312K), 1 survivors (1024K)
 Metaspace       used 61857K, committed 62400K, reserved 1114112K
  class space    used 8379K, committed 8640K, reserved 1048576K
}
Event: 18.509 GC heap after
{Heap after GC invocations=28 (full 0):
 garbage-first heap   total 87040K, used 61295K [0x0000000080000000, 0x0000000100000000)
  region size 1024K, 2 young (2048K), 2 survivors (2048K)
 Metaspace       used 61857K, committed 62400K, reserved 1114112K
  class space    used 8379K, committed 8640K, reserved 1048576K
}
Event: 18.591 GC heap before
{Heap before GC invocations=28 (full 0):
 garbage-first heap   total 87040K, used 62319K [0x0000000080000000, 0x0000000100000000)
  region size 1024K, 4 young (4096K), 2 survivors (2048K)
 Metaspace       used 61930K, committed 62464K, reserved 1114112K
  class space    used 8382K, committed 8640K, reserved 1048576K
}
Event: 18.593 GC heap after
{Heap after GC invocations=29 (full 0):
 garbage-first heap   total 87040K, used 61187K [0x0000000080000000, 0x0000000100000000)
  region size 1024K, 1 young (1024K), 1 survivors (1024K)
 Metaspace       used 61930K, committed 62464K, reserved 1114112K
  class space    used 8382K, committed 8640K, reserved 1048576K
}
Event: 19.068 GC heap before
{Heap before GC invocations=29 (full 0):
 garbage-first heap   total 87040K, used 71427K [0x0000000080000000, 0x0000000100000000)
  region size 1024K, 11 young (11264K), 1 survivors (1024K)
 Metaspace       used 62520K, committed 63040K, reserved 1114112K
  class space    used 8478K, committed 8704K, reserved 1048576K
}
Event: 19.070 GC heap after
{Heap after GC invocations=30 (full 0):
 garbage-first heap   total 87040K, used 62916K [0x0000000080000000, 0x0000000100000000)
  region size 1024K, 2 young (2048K), 2 survivors (2048K)
 Metaspace       used 62520K, committed 63040K, reserved 1114112K
  class space    used 8478K, committed 8704K, reserved 1048576K
}
Event: 19.397 GC heap before
{Heap before GC invocations=31 (full 0):
 garbage-first heap   total 107520K, used 71108K [0x0000000080000000, 0x0000000100000000)
  region size 1024K, 10 young (10240K), 2 survivors (2048K)
 Metaspace       used 63438K, committed 64064K, reserved 1114112K
  class space    used 8608K, committed 8896K, reserved 1048576K
}
Event: 19.399 GC heap after
{Heap after GC invocations=32 (full 0):
 garbage-first heap   total 107520K, used 63646K [0x0000000080000000, 0x0000000100000000)
  region size 1024K, 1 young (1024K), 1 survivors (1024K)
 Metaspace       used 63438K, committed 64064K, reserved 1114112K
  class space    used 8608K, committed 8896K, reserved 1048576K
}
Event: 19.523 GC heap before
{Heap before GC invocations=32 (full 0):
 garbage-first heap   total 107520K, used 66718K [0x0000000080000000, 0x0000000100000000)
  region size 1024K, 5 young (5120K), 1 survivors (1024K)
 Metaspace       used 63913K, committed 64512K, reserved 1114112K
  class space    used 8681K, committed 8960K, reserved 1048576K
}
Event: 19.525 GC heap after
{Heap after GC invocations=33 (full 0):
 garbage-first heap   total 107520K, used 63409K [0x0000000080000000, 0x0000000100000000)
  region size 1024K, 1 young (1024K), 1 survivors (1024K)
 Metaspace       used 63913K, committed 64512K, reserved 1114112K
  class space    used 8681K, committed 8960K, reserved 1048576K
}
Event: 20.120 GC heap before
{Heap before GC invocations=33 (full 0):
 garbage-first heap   total 107520K, used 82865K [0x0000000080000000, 0x0000000100000000)
  region size 1024K, 20 young (20480K), 1 survivors (1024K)
 Metaspace       used 66104K, committed 66688K, reserved 1114112K
  class space    used 8978K, committed 9216K, reserved 1048576K
}

Dll operation events (3 events):
Event: 0.019 Loaded shared library C:\Program Files\Android\Android Studio\jbr\bin\java.dll
Event: 0.163 Loaded shared library C:\Program Files\Android\Android Studio\jbr\bin\zip.dll
Event: 0.613 Loaded shared library C:\Program Files\Android\Android Studio\jbr\bin\verify.dll

Deoptimization events (20 events):
Event: 17.795 Thread 0x0000015a8ca10690 DEOPT PACKING pc=0x0000015aef777769 sp=0x0000002c31ff6660
Event: 17.795 Thread 0x0000015a8ca10690 DEOPT UNPACKING pc=0x0000015af6a97143 sp=0x0000002c31ff5be0 mode 0
Event: 17.899 Thread 0x0000015a8ca10690 DEOPT PACKING pc=0x0000015aef777769 sp=0x0000002c31ff6600
Event: 17.899 Thread 0x0000015a8ca10690 DEOPT UNPACKING pc=0x0000015af6a97143 sp=0x0000002c31ff5b80 mode 0
Event: 18.006 Thread 0x0000015a8ca10690 DEOPT PACKING pc=0x0000015aef777769 sp=0x0000002c31ff6600
Event: 18.006 Thread 0x0000015a8ca10690 DEOPT UNPACKING pc=0x0000015af6a97143 sp=0x0000002c31ff5b80 mode 0
Event: 18.071 Thread 0x0000015a8ca10690 DEOPT PACKING pc=0x0000015aef777769 sp=0x0000002c31ff5090
Event: 18.071 Thread 0x0000015a8ca10690 DEOPT UNPACKING pc=0x0000015af6a97143 sp=0x0000002c31ff4610 mode 0
Event: 18.201 Thread 0x0000015a8ca10690 Uncommon trap: trap_request=0xffffff45 fr.pc=0x0000015af7276314 relative=0x00000000000001f4
Event: 18.201 Thread 0x0000015a8ca10690 Uncommon trap: reason=unstable_if action=reinterpret pc=0x0000015af7276314 method=java.security.SecureClassLoader$CodeSourceKey.hashCode()I @ 9 c2
Event: 18.201 Thread 0x0000015a8ca10690 DEOPT PACKING pc=0x0000015af7276314 sp=0x0000002c31ff6400
Event: 18.201 Thread 0x0000015a8ca10690 DEOPT UNPACKING pc=0x0000015af6a969a3 sp=0x0000002c31ff6390 mode 2
Event: 18.201 Thread 0x0000015a8ca10690 Uncommon trap: trap_request=0xffffff45 fr.pc=0x0000015af7232e48 relative=0x0000000000002208
Event: 18.201 Thread 0x0000015a8ca10690 Uncommon trap: reason=unstable_if action=reinterpret pc=0x0000015af7232e48 method=java.lang.ClassLoader.defineClassSourceLocation(Ljava/security/ProtectionDomain;)Ljava/lang/String; @ 15 c2
Event: 18.201 Thread 0x0000015a8ca10690 DEOPT PACKING pc=0x0000015af7232e48 sp=0x0000002c31ff64c0
Event: 18.201 Thread 0x0000015a8ca10690 DEOPT UNPACKING pc=0x0000015af6a969a3 sp=0x0000002c31ff6438 mode 2
Event: 18.985 Thread 0x0000015a8ca10690 Uncommon trap: trap_request=0xffffff45 fr.pc=0x0000015af702b9c0 relative=0x0000000000000940
Event: 18.985 Thread 0x0000015a8ca10690 Uncommon trap: reason=unstable_if action=reinterpret pc=0x0000015af702b9c0 method=java.util.jar.JarFile.getEntry(Ljava/lang/String;)Ljava/util/zip/ZipEntry; @ 15 c2
Event: 18.985 Thread 0x0000015a8ca10690 DEOPT PACKING pc=0x0000015af702b9c0 sp=0x0000002c31ff4ea0
Event: 18.985 Thread 0x0000015a8ca10690 DEOPT UNPACKING pc=0x0000015af6a969a3 sp=0x0000002c31ff4e88 mode 2

Classes unloaded (0 events):
No events

Classes redefined (0 events):
No events

Internal exceptions (20 events):
Event: 14.355 Thread 0x0000015a8ca10690 Exception <a 'java/lang/NoSuchMethodError'{0x00000000838e3f28}: 'java.lang.Object java.lang.invoke.DirectMethodHandle$Holder.newInvokeSpecial(java.lang.Object, java.lang.Object, java.lang.Object, java.lang.Object, java.lang.Object, int)'> (0x00000000838e3f28) 
thrown [s\src\hotspot\share\interpreter\linkResolver.cpp, line 771]
Event: 14.355 Thread 0x0000015a8ca10690 Exception <a 'java/lang/NoSuchMethodError'{0x00000000838e9380}: 'java.lang.Object java.lang.invoke.DirectMethodHandle$Holder.invokeSpecial(java.lang.Object, java.lang.Object, java.lang.Object, java.lang.Object, java.lang.Object, java.lang.Object, int)'> (0x00000000838e9380) 
thrown [s\src\hotspot\share\interpreter\linkResolver.cpp, line 771]
Event: 14.360 Thread 0x0000015a8ca10690 Exception <a 'java/lang/NoSuchMethodError'{0x0000000083721508}: 'java.lang.Object java.lang.invoke.DirectMethodHandle$Holder.invokeSpecial(java.lang.Object, java.lang.Object, java.lang.Object, java.lang.Object, java.lang.Object, long)'> (0x0000000083721508) 
thrown [s\src\hotspot\share\interpreter\linkResolver.cpp, line 771]
Event: 14.363 Thread 0x0000015a8ca10690 Exception <a 'java/lang/NoSuchMethodError'{0x0000000083743b70}: 'void java.lang.invoke.DirectMethodHandle$Holder.invokeStatic(java.lang.Object, java.lang.Object, java.lang.Object, int, java.lang.Object)'> (0x0000000083743b70) 
thrown [s\src\hotspot\share\interpreter\linkResolver.cpp, line 771]
Event: 16.687 Thread 0x0000015a8ca10690 Implicit null exception at 0x0000015af7307a92 to 0x0000015af7308138
Event: 17.115 Thread 0x0000015a8ca10690 Exception <a 'java/lang/NoSuchMethodError'{0x0000000083c28cd0}: static Lorg/jetbrains/kotlin/gradle/plugin/internal/DefaultConfigurationTimePropertiesAccessorVariantFactory;.<clinit>()V> (0x0000000083c28cd0) 
thrown [s\src\hotspot\share\prims\jni.cpp, line 1108]
Event: 17.125 Thread 0x0000015a8ca10690 Exception <a 'java/lang/NoSuchMethodError'{0x0000000083c46c58}: static Lorg/jetbrains/kotlin/gradle/plugin/internal/DefaultProjectIsolationStartParameterAccessorVariantFactory;.<clinit>()V> (0x0000000083c46c58) 
thrown [s\src\hotspot\share\prims\jni.cpp, line 1108]
Event: 17.130 Thread 0x0000015a8ca10690 Exception <a 'java/lang/NoSuchMethodError'{0x0000000083c716c0}: static Lorg/jetbrains/kotlin/gradle/plugin/internal/DefaultArtifactTypeAttributeAccessorVariantFactory;.<clinit>()V> (0x0000000083c716c0) 
thrown [s\src\hotspot\share\prims\jni.cpp, line 1108]
Event: 17.134 Thread 0x0000015a8ca10690 Exception <a 'java/lang/NoSuchMethodError'{0x0000000083c9be70}: static Lorg/jetbrains/kotlin/gradle/plugin/internal/DefaultCompatibilityConventionRegistrar$Factory;.<clinit>()V> (0x0000000083c9be70) 
thrown [s\src\hotspot\share\prims\jni.cpp, line 1108]
Event: 17.141 Thread 0x0000015a8ca10690 Exception <a 'java/lang/NoSuchMethodError'{0x0000000083cba910}: static Lorg/jetbrains/kotlin/gradle/plugin/internal/DefaultJavaSourceSetsAccessorVariantFactory;.<clinit>()V> (0x0000000083cba910) 
thrown [s\src\hotspot\share\prims\jni.cpp, line 1108]
Event: 17.143 Thread 0x0000015a8ca10690 Exception <a 'java/lang/NoSuchMethodError'{0x0000000083cd8988}: static Lorg/jetbrains/kotlin/gradle/plugin/internal/DefaultIdeaSyncDetectorVariantFactory;.<clinit>()V> (0x0000000083cd8988) 
thrown [s\src\hotspot\share\prims\jni.cpp, line 1108]
Event: 17.146 Thread 0x0000015a8ca10690 Exception <a 'java/lang/NoSuchMethodError'{0x0000000083cf7e10}: static Lorg/jetbrains/kotlin/gradle/plugin/internal/DefaultKotlinTestReportCompatibilityHelperVariantFactory;.<clinit>()V> (0x0000000083cf7e10) 
thrown [s\src\hotspot\share\prims\jni.cpp, line 1108]
Event: 17.154 Thread 0x0000015a8ca10690 Exception <a 'java/lang/NoSuchMethodError'{0x0000000083b19df8}: static Lorg/jetbrains/kotlin/gradle/plugin/internal/DefaultMppTestReportHelperVariantFactory;.<clinit>()V> (0x0000000083b19df8) 
thrown [s\src\hotspot\share\prims\jni.cpp, line 1108]
Event: 17.158 Thread 0x0000015a8ca10690 Exception <a 'java/lang/NoSuchMethodError'{0x0000000083b45488}: static Lorg/jetbrains/kotlin/gradle/plugin/internal/DefaultConfigurationCacheStartParameterAccessorVariantFactory;.<clinit>()V> (0x0000000083b45488) 
thrown [s\src\hotspot\share\prims\jni.cpp, line 1108]
Event: 17.163 Thread 0x0000015a8ca10690 Exception <a 'java/lang/NoSuchMethodError'{0x0000000083b650d0}: static Lorg/jetbrains/kotlin/gradle/plugin/internal/MavenPluginConfigurator$DefaultMavenPluginConfiguratorVariantFactory;.<clinit>()V> (0x0000000083b650d0) 
thrown [s\src\hotspot\share\prims\jni.cpp, line 1108]
Event: 17.168 Thread 0x0000015a8ca10690 Exception <a 'java/lang/NoSuchMethodError'{0x0000000083b83198}: static Lorg/jetbrains/kotlin/gradle/targets/js/nodejs/DefaultUnameExecutorVariantFactory;.<clinit>()V> (0x0000000083b83198) 
thrown [s\src\hotspot\share\prims\jni.cpp, line 1108]
Event: 17.176 Thread 0x0000015a8ca10690 Exception <a 'java/lang/NoSuchMethodError'{0x0000000083ba1a40}: static Lorg/jetbrains/kotlin/gradle/plugin/internal/DefaultBasePluginConfigurationVariantFactory;.<clinit>()V> (0x0000000083ba1a40) 
thrown [s\src\hotspot\share\prims\jni.cpp, line 1108]
Event: 17.258 Thread 0x0000015a8ca10690 Exception <a 'java/lang/IncompatibleClassChangeError'{0x0000000083af9a78}: Found class java.lang.Object, but interface was expected> (0x0000000083af9a78) 
thrown [s\src\hotspot\share\interpreter\linkResolver.cpp, line 838]
Event: 18.201 Thread 0x0000015a8ca10690 Implicit null exception at 0x0000015af7276154 to 0x0000015af7276308
Event: 18.201 Thread 0x0000015a8ca10690 Implicit null exception at 0x0000015af7231146 to 0x0000015af7232e18

VM Operations (20 events):
Event: 17.823 Executing VM operation: G1Concurrent done
Event: 18.315 Executing VM operation: HandshakeAllThreads
Event: 18.315 Executing VM operation: HandshakeAllThreads done
Event: 18.340 Executing VM operation: HandshakeAllThreads
Event: 18.340 Executing VM operation: HandshakeAllThreads done
Event: 18.502 Executing VM operation: G1CollectForAllocation
Event: 18.509 Executing VM operation: G1CollectForAllocation done
Event: 18.591 Executing VM operation: G1CollectForAllocation
Event: 18.593 Executing VM operation: G1CollectForAllocation done
Event: 19.068 Executing VM operation: G1CollectForAllocation
Event: 19.071 Executing VM operation: G1CollectForAllocation done
Event: 19.109 Executing VM operation: G1Concurrent
Event: 19.111 Executing VM operation: G1Concurrent done
Event: 19.130 Executing VM operation: G1Concurrent
Event: 19.130 Executing VM operation: G1Concurrent done
Event: 19.397 Executing VM operation: G1CollectForAllocation
Event: 19.399 Executing VM operation: G1CollectForAllocation done
Event: 19.523 Executing VM operation: G1CollectForAllocation
Event: 19.525 Executing VM operation: G1CollectForAllocation done
Event: 20.120 Executing VM operation: G1CollectForAllocation

Events (20 events):
Event: 18.229 loading class java/time/format/DateTimePrintContext done
Event: 18.229 loading class java/time/temporal/WeekFields
Event: 18.229 loading class java/time/temporal/WeekFields done
Event: 18.229 loading class java/time/temporal/WeekFields$ComputedDayOfField
Event: 18.230 loading class java/time/temporal/WeekFields$ComputedDayOfField done
Event: 18.231 loading class java/time/LocalDate$1
Event: 18.231 loading class java/time/LocalDate$1 done
Event: 18.233 loading class java/time/Month$1
Event: 18.233 loading class java/time/Month$1 done
Event: 18.234 loading class java/time/format/DateTimeFormatterBuilder$2
Event: 18.234 loading class java/time/format/DateTimeFormatterBuilder$2 done
Event: 18.234 loading class java/time/LocalTime$1
Event: 18.234 loading class java/time/LocalTime$1 done
Event: 18.236 loading class java/nio/channels/Channels$1
Event: 18.236 loading class java/nio/channels/Channels$1 done
Event: 19.746 loading class java/lang/Override
Event: 19.746 loading class java/lang/Override done
Event: 19.747 Thread 0x0000015a8cdcfb70 Thread exited: 0x0000015a8cdcfb70
Event: 19.860 loading class java/util/ArrayList$SubList$1
Event: 19.860 loading class java/util/ArrayList$SubList$1 done


Dynamic libraries:
0x00007ff604a00000 - 0x00007ff604a0a000 	C:\Program Files\Android\Android Studio\jbr\bin\java.exe
0x00007ffb50b50000 - 0x00007ffb50d64000 	C:\Windows\SYSTEM32\ntdll.dll
0x00007ffb4e9f0000 - 0x00007ffb4eab3000 	C:\Windows\System32\KERNEL32.DLL
0x00007ffb4e410000 - 0x00007ffb4e7ad000 	C:\Windows\System32\KERNELBASE.dll
0x00007ffb4e2f0000 - 0x00007ffb4e401000 	C:\Windows\System32\ucrtbase.dll
0x00007ffb38cd0000 - 0x00007ffb38ce7000 	C:\Program Files\Android\Android Studio\jbr\bin\jli.dll
0x00007ffb320b0000 - 0x00007ffb320cb000 	C:\Program Files\Android\Android Studio\jbr\bin\VCRUNTIME140.dll
0x00007ffb4ff40000 - 0x00007ffb500ed000 	C:\Windows\System32\USER32.dll
0x00007ffb4e870000 - 0x00007ffb4e896000 	C:\Windows\System32\win32u.dll
0x00007ffb1a9c0000 - 0x00007ffb1ac4e000 	C:\Windows\WinSxS\amd64_microsoft.windows.common-controls_6595b64144ccf1df_6.0.22621.608_none_a9444ca7c10bb01d\COMCTL32.dll
0x00007ffb50480000 - 0x00007ffb504a9000 	C:\Windows\System32\GDI32.dll
0x00007ffb4e940000 - 0x00007ffb4e9e7000 	C:\Windows\System32\msvcrt.dll
0x00007ffb4df70000 - 0x00007ffb4e082000 	C:\Windows\System32\gdi32full.dll
0x00007ffb4e8a0000 - 0x00007ffb4e93a000 	C:\Windows\System32\msvcp_win.dll
0x00007ffb50620000 - 0x00007ffb50652000 	C:\Windows\System32\IMM32.DLL
0x00007ffb2c510000 - 0x00007ffb2c5b4000 	C:\Program Files\McAfee\Endpoint Security\Threat Prevention\Ips\EpMPApi.dll
0x00007ffb50770000 - 0x00007ffb50885000 	C:\Windows\System32\RPCRT4.dll
0x00007ffb4fe90000 - 0x00007ffb4ff3e000 	C:\Windows\System32\ADVAPI32.dll
0x00007ffb506c0000 - 0x00007ffb50764000 	C:\Windows\System32\sechost.dll
0x00007ffb4e110000 - 0x00007ffb4e17b000 	C:\Windows\System32\WINTRUST.dll
0x00007ffb4e180000 - 0x00007ffb4e2e6000 	C:\Windows\System32\CRYPT32.dll
0x00007ffb4d750000 - 0x00007ffb4d762000 	C:\Windows\SYSTEM32\MSASN1.dll
0x000000006d920000 - 0x000000006d92c000 	C:\Program Files\McAfee\Endpoint Security\Threat Prevention\Ips\EpMPThe.dll
0x00007ffb2ce70000 - 0x00007ffb2cecb000 	C:\Program Files\McAfee\Endpoint Security\Threat Prevention\Ips\HIPHandlers64.dll
0x00007ffb4f320000 - 0x00007ffb4fb0f000 	C:\Windows\System32\SHELL32.dll
0x00007ffb50660000 - 0x00007ffb506be000 	C:\Windows\System32\SHLWAPI.dll
0x00007ffb390c0000 - 0x00007ffb392ee000 	C:\Windows\SYSTEM32\dbghelp.dll
0x00007ffb4eb10000 - 0x00007ffb4ee9a000 	C:\Windows\System32\combase.dll
0x0000015aeb3e0000 - 0x0000015aeb4b7000 	C:\Windows\System32\OLEAUT32.dll
0x00007ffb31ee0000 - 0x00007ffb31eec000 	C:\Program Files\Android\Android Studio\jbr\bin\vcruntime140_1.dll
0x00007ffb17f40000 - 0x00007ffb17fcd000 	C:\Program Files\Android\Android Studio\jbr\bin\msvcp140.dll
0x00007ffaed1e0000 - 0x00007ffaede60000 	C:\Program Files\Android\Android Studio\jbr\bin\server\jvm.dll
0x00007ffb47c60000 - 0x00007ffb47c6a000 	C:\Windows\SYSTEM32\VERSION.dll
0x00007ffb4b2e0000 - 0x00007ffb4b2e9000 	C:\Windows\SYSTEM32\WSOCK32.dll
0x00007ffb39c40000 - 0x00007ffb39c74000 	C:\Windows\SYSTEM32\WINMM.dll
0x00007ffb4fe00000 - 0x00007ffb4fe71000 	C:\Windows\System32\WS2_32.dll
0x00007ffb4cf80000 - 0x00007ffb4cf98000 	C:\Windows\SYSTEM32\kernel.appcore.dll
0x00007ffb4b300000 - 0x00007ffb4b30a000 	C:\Program Files\Android\Android Studio\jbr\bin\jimage.dll
0x00007ffb36f90000 - 0x00007ffb36fc2000 	C:\Windows\SYSTEM32\dbgcore.DLL
0x00007ffb4e090000 - 0x00007ffb4e10b000 	C:\Windows\System32\bcryptPrimitives.dll
0x00007ffb47cf0000 - 0x00007ffb47cfe000 	C:\Program Files\Android\Android Studio\jbr\bin\instrument.dll
0x00007ffb2ade0000 - 0x00007ffb2ae05000 	C:\Program Files\Android\Android Studio\jbr\bin\java.dll
0x00007ffb289d0000 - 0x00007ffb289e8000 	C:\Program Files\Android\Android Studio\jbr\bin\zip.dll
0x00007ffb4bf40000 - 0x00007ffb4c808000 	C:\Windows\SYSTEM32\windows.storage.dll
0x00007ffb4be00000 - 0x00007ffb4bf3e000 	C:\Windows\SYSTEM32\wintypes.dll
0x00007ffb504b0000 - 0x00007ffb505a1000 	C:\Windows\System32\SHCORE.dll
0x00007ffb4dea0000 - 0x00007ffb4dec1000 	C:\Windows\SYSTEM32\profapi.dll
0x00007ffb289b0000 - 0x00007ffb289c9000 	C:\Program Files\Android\Android Studio\jbr\bin\net.dll
0x00007ffb48180000 - 0x00007ffb482af000 	C:\Windows\SYSTEM32\WINHTTP.dll
0x00007ffb4d3e0000 - 0x00007ffb4d449000 	C:\Windows\system32\mswsock.dll
0x00007ffb27b00000 - 0x00007ffb27b16000 	C:\Program Files\Android\Android Studio\jbr\bin\nio.dll
0x00007ffb39300000 - 0x00007ffb39310000 	C:\Program Files\Android\Android Studio\jbr\bin\verify.dll
0x00007ffb24a40000 - 0x00007ffb24a67000 	C:\Users\60170\.gradle\native\c067742578af261105cb4f569cf0c3c89f3d7b1fecec35dd04571415982c5e48\windows-amd64\native-platform.dll
0x00007ffb00820000 - 0x00007ffb00964000 	C:\Users\60170\.gradle\native\38dada09dfb8b06ba9b0570ebf7e218e3eb74d4ef43ca46872605cf95ebc2f47\windows-amd64\native-platform-file-events.dll
0x00007ffb476b0000 - 0x00007ffb476b9000 	C:\Program Files\Android\Android Studio\jbr\bin\management.dll
0x00007ffb396c0000 - 0x00007ffb396cb000 	C:\Program Files\Android\Android Studio\jbr\bin\management_ext.dll
0x00007ffb4fe80000 - 0x00007ffb4fe88000 	C:\Windows\System32\PSAPI.DLL
0x00007ffb4d700000 - 0x00007ffb4d71b000 	C:\Windows\SYSTEM32\CRYPTSP.dll
0x00007ffb4cef0000 - 0x00007ffb4cf25000 	C:\Windows\system32\rsaenh.dll
0x00007ffb4d480000 - 0x00007ffb4d4a8000 	C:\Windows\SYSTEM32\USERENV.dll
0x00007ffb4d840000 - 0x00007ffb4d868000 	C:\Windows\SYSTEM32\bcrypt.dll
0x00007ffb4d6e0000 - 0x00007ffb4d6ec000 	C:\Windows\SYSTEM32\CRYPTBASE.dll
0x00007ffb4ca60000 - 0x00007ffb4ca8d000 	C:\Windows\SYSTEM32\IPHLPAPI.DLL
0x00007ffb500f0000 - 0x00007ffb500f9000 	C:\Windows\System32\NSI.dll
0x00007ffb482b0000 - 0x00007ffb482c9000 	C:\Windows\SYSTEM32\dhcpcsvc6.DLL
0x00007ffb48160000 - 0x00007ffb4817f000 	C:\Windows\SYSTEM32\dhcpcsvc.DLL
0x00007ffb4cad0000 - 0x00007ffb4cbc2000 	C:\Windows\SYSTEM32\DNSAPI.dll
0x00007ffb39470000 - 0x00007ffb39478000 	C:\Windows\system32\wshunix.dll

dbghelp: loaded successfully - version: 4.0.5 - missing functions: none
symbol engine: initialized successfully - sym options: 0x614 - pdb path: .;C:\Program Files\Android\Android Studio\jbr\bin;C:\Windows\SYSTEM32;C:\Windows\WinSxS\amd64_microsoft.windows.common-controls_6595b64144ccf1df_6.0.22621.608_none_a9444ca7c10bb01d;C:\Program Files\McAfee\Endpoint Security\Threat Prevention\Ips;C:\Program Files\Android\Android Studio\jbr\bin\server;C:\Users\60170\.gradle\native\c067742578af261105cb4f569cf0c3c89f3d7b1fecec35dd04571415982c5e48\windows-amd64;C:\Users\60170\.gradle\native\38dada09dfb8b06ba9b0570ebf7e218e3eb74d4ef43ca46872605cf95ebc2f47\windows-amd64

VM Arguments:
jvm_args: --add-opens=java.base/java.util=ALL-UNNAMED --add-opens=java.base/java.lang=ALL-UNNAMED --add-opens=java.base/java.lang.invoke=ALL-UNNAMED --add-opens=java.prefs/java.util.prefs=ALL-UNNAMED --add-opens=java.base/java.nio.charset=ALL-UNNAMED --add-opens=java.base/java.net=ALL-UNNAMED --add-opens=java.base/java.util.concurrent.atomic=ALL-UNNAMED -Xmx2048M -Dfile.encoding=UTF-8 -Duser.country=US -Duser.language=en -Duser.variant -javaagent:C:\Users\60170\.gradle\wrapper\dists\gradle-8.4-bin\1w5dpkrfk8irigvoxmyhowfim\gradle-8.4\lib\agents\gradle-instrumentation-agent-8.4.jar 
java_command: org.gradle.launcher.daemon.bootstrap.GradleDaemon 8.4
java_class_path (initial): C:\Users\60170\.gradle\wrapper\dists\gradle-8.4-bin\1w5dpkrfk8irigvoxmyhowfim\gradle-8.4\lib\gradle-launcher-8.4.jar
Launcher Type: SUN_STANDARD

[Global flags]
     intx CICompilerCount                          = 4                                         {product} {ergonomic}
     uint ConcGCThreads                            = 2                                         {product} {ergonomic}
     uint G1ConcRefinementThreads                  = 8                                         {product} {ergonomic}
   size_t G1HeapRegionSize                         = 1048576                                   {product} {ergonomic}
    uintx GCDrainStackTargetSize                   = 64                                        {product} {ergonomic}
   size_t InitialHeapSize                          = 266338304                                 {product} {ergonomic}
   size_t MarkStackSize                            = 4194304                                   {product} {ergonomic}
   size_t MaxHeapSize                              = 2147483648                                {product} {command line}
   size_t MaxNewSize                               = 1287651328                                {product} {ergonomic}
   size_t MinHeapDeltaBytes                        = 1048576                                   {product} {ergonomic}
   size_t MinHeapSize                              = 8388608                                   {product} {ergonomic}
    uintx NonNMethodCodeHeapSize                   = 5839372                                {pd product} {ergonomic}
    uintx NonProfiledCodeHeapSize                  = 122909434                              {pd product} {ergonomic}
    uintx ProfiledCodeHeapSize                     = 122909434                              {pd product} {ergonomic}
    uintx ReservedCodeCacheSize                    = 251658240                              {pd product} {ergonomic}
     bool SegmentedCodeCache                       = true                                      {product} {ergonomic}
   size_t SoftMaxHeapSize                          = 2147483648                             {manageable} {ergonomic}
     bool UseCompressedClassPointers               = true                           {product lp64_product} {ergonomic}
     bool UseCompressedOops                        = true                           {product lp64_product} {ergonomic}
     bool UseG1GC                                  = true                                      {product} {ergonomic}
     bool UseLargePagesIndividualAllocation        = false                                  {pd product} {ergonomic}

Logging:
Log output configuration:
 #0: stdout all=warning uptime,level,tags
 #1: stderr all=off uptime,level,tags

Environment Variables:
JAVA_HOME=C:\Program Files\Java\jdk-21
PATH=C:\Program Files\Common Files\Oracle\Java\javapath;C:\Windows\system32;C:\Windows;C:\Windows\System32\Wbem;C:\Windows\System32\WindowsPowerShell\v1.0\;C:\Windows\System32\OpenSSH\;C:\Program Files\Git\cmd;C:\Program Files\dotnet\;C:\Program Files\nodejs\;C:\Users\60170\AppData\Local\Programs\Python\Python312\Scripts\;C:\Users\60170\AppData\Local\Programs\Python\Python312\;C:\Users\60170\AppData\Local\Microsoft\WindowsApps;C:\Users\60170\AppData\Local\Programs\Microsoft VS Code\bin;C:\Users\60170\AppData\Local\JetBrains\Toolbox\scripts;C:\Users\60170\.dotnet\tools;D:\Program Files\JetBrains\IntelliJ IDEA 2023.3.3\bin;;C:\Users\60170\AppData\Roaming\npm
USERNAME=60170
OS=Windows_NT
PROCESSOR_IDENTIFIER=Intel64 Family 6 Model 165 Stepping 3, GenuineIntel
TMP=C:\Users\60170\AppData\Local\Temp
TEMP=C:\Users\60170\AppData\Local\Temp


JNI global refs:
JNI global refs: 27, weak refs: 3

JNI global refs memory usage: 843, weak refs: 841

OOME stack traces (most recent first):
Classloader memory used:
Loader org.gradle.internal.classloader.VisitableURLClassLoader                         : 4208K
Loader bootstrap                                                                       : 2631K
Loader org.gradle.initialization.MixInLegacyTypesClassLoader                           : 1054K
Loader org.gradle.internal.classloader.VisitableURLClassLoader$InstrumentingVisitableURLClassLoader: 229K
Loader jdk.internal.loader.ClassLoaders$PlatformClassLoader                            : 65473B
Loader jdk.internal.loader.ClassLoaders$AppClassLoader                                 : 28358B
Loader jdk.internal.reflect.DelegatingClassLoader                                      : 24981B
Loader org.gradle.internal.classloader.VisitableURLClassLoader                         : 18247B
Loader org.gradle.groovy.scripts.internal.DefaultScriptCompilationHandler$ScriptClassLoader: 3625B
Loader org.codehaus.groovy.runtime.callsite.CallSiteClassLoader                        : 802B
Loader sun.reflect.misc.MethodUtil                                                     : 373B

Classes loaded by more than one classloader:
Class Program                                                                         : loaded 4 times (x 72B)
Class org.gradle.internal.classpath.ClassPath                                         : loaded 2 times (x 68B)
Class org.gradle.api.internal.classpath.DefaultModuleRegistry                         : loaded 2 times (x 84B)
Class Settings_gradle$1$1                                                             : loaded 2 times (x 72B)
Class org.gradle.api.Action                                                           : loaded 2 times (x 68B)
Class org.gradle.api.internal.DefaultClassPathProvider                                : loaded 2 times (x 74B)
Class org.gradle.internal.installation.GradleInstallation$1                           : loaded 2 times (x 73B)
Class org.gradle.internal.classloader.FilteringClassLoader                            : loaded 2 times (x 102B)
Class org.gradle.internal.classpath.DefaultClassPath$ImmutableUniqueList$Builder      : loaded 2 times (x 73B)
Class org.gradle.internal.classloader.ClassLoaderVisitor                              : loaded 2 times (x 74B)
Class org.gradle.internal.service.DefaultServiceLocator                               : loaded 2 times (x 81B)
Class org.gradle.internal.service.UnknownServiceException                             : loaded 2 times (x 81B)
Class org.gradle.internal.classloader.DefaultClassLoaderFactory                       : loaded 2 times (x 80B)
Class org.gradle.internal.classloader.VisitableURLClassLoader$Spec                    : loaded 2 times (x 72B)
Class org.gradle.api.GradleException                                                  : loaded 2 times (x 80B)
Class org.gradle.api.internal.classpath.ModuleRegistry                                : loaded 2 times (x 68B)
Class org.gradle.api.internal.ClassPathProvider                                       : loaded 2 times (x 68B)
Class org.gradle.internal.classloader.ClasspathUtil$1                                 : loaded 2 times (x 74B)
Class org.gradle.internal.classloader.ClassLoaderFactory                              : loaded 2 times (x 68B)
Class org.gradle.api.internal.classpath.ManifestUtil                                  : loaded 2 times (x 69B)
Class org.gradle.api.specs.Spec                                                       : loaded 2 times (x 68B)
Class org.gradle.internal.IoActions                                                   : loaded 2 times (x 69B)
Class org.gradle.api.internal.classpath.EffectiveClassPath                            : loaded 2 times (x 88B)
Class org.gradle.internal.installation.CurrentGradleInstallation                      : loaded 2 times (x 71B)
Class org.gradle.internal.agents.InstrumentingClassLoader                             : loaded 2 times (x 68B)
Class org.gradle.internal.installation.CurrentGradleInstallationLocator               : loaded 2 times (x 69B)
Class org.gradle.api.internal.classpath.Module                                        : loaded 2 times (x 68B)
Class org.gradle.internal.service.CachingServiceLocator                               : loaded 2 times (x 80B)
Class org.gradle.internal.classpath.DefaultClassPath                                  : loaded 2 times (x 88B)
Class Build_gradle$1                                                                  : loaded 2 times (x 76B)
Class org.gradle.internal.classloader.SystemClassLoaderSpec                           : loaded 2 times (x 69B)
Class org.gradle.api.UncheckedIOException                                             : loaded 2 times (x 80B)
Class org.gradle.internal.installation.GradleInstallation                             : loaded 2 times (x 73B)
Class org.gradle.internal.classloader.ClasspathUtil                                   : loaded 2 times (x 69B)
Class org.gradle.api.internal.DefaultClassPathRegistry                                : loaded 2 times (x 74B)
Class org.gradle.api.internal.classpath.DefaultModuleRegistry$DefaultModule           : loaded 2 times (x 84B)
Class org.gradle.kotlin.dsl.VersionCatalogAccessorsKt                                 : loaded 2 times (x 69B)
Class org.gradle.api.internal.classpath.UnknownModuleException                        : loaded 2 times (x 80B)
Class org.gradle.internal.service.ServiceLookupException                              : loaded 2 times (x 80B)
Class org.gradle.cache.GlobalCache                                                    : loaded 2 times (x 68B)
Class [Lorg.gradle.api.internal.ClassPathProvider;                                    : loaded 2 times (x 67B)
Class org.gradle.util.internal.GUtil                                                  : loaded 2 times (x 69B)
Class org.gradle.internal.classloader.ClassLoaderSpec                                 : loaded 2 times (x 69B)
Class org.gradle.internal.classloader.VisitableURLClassLoader                         : loaded 2 times (x 114B)
Class org.gradle.internal.Cast                                                        : loaded 2 times (x 69B)
Class Build_gradle                                                                    : loaded 2 times (x 70B)
Class org.gradle.api.internal.ClassPathRegistry                                       : loaded 2 times (x 68B)
Class org.gradle.internal.classloader.VisitableURLClassLoader$InstrumentingVisitableURLClassLoader: loaded 2 times (x 120B)
Class org.gradle.internal.classloader.ClassLoaderHierarchy                            : loaded 2 times (x 68B)
Class org.gradle.internal.InternalTransformer                                         : loaded 2 times (x 68B)
Class org.gradle.internal.service.ServiceLocator                                      : loaded 2 times (x 68B)
Class Settings_gradle$1                                                               : loaded 2 times (x 72B)
Class org.gradle.internal.classpath.DefaultClassPath$ImmutableUniqueList              : loaded 2 times (x 159B)
Class org.gradle.internal.classpath.TransformedClassPath                              : loaded 2 times (x 94B)
Class Settings_gradle                                                                 : loaded 2 times (x 126B)


---------------  S Y S T E M  ---------------

OS:
 Windows 11 , 64 bit Build 22621 (10.0.22621.1105)
OS uptime: 14 days 3:21 hours
Hyper-V role detected

CPU: total 8 (initial active 8) (4 cores per cpu, 2 threads per core) family 6 model 165 stepping 3 microcode 0xe0, cx8, cmov, fxsr, ht, mmx, 3dnowpref, sse, sse2, sse3, ssse3, sse4.1, sse4.2, popcnt, lzcnt, tsc, tscinvbit, avx, avx2, aes, erms, clmul, bmi1, bmi2, adx, fma, vzeroupper, clflush, clflushopt, hv

Memory: 4k page, system-wide physical 16197M (322M free)
TotalPageFile size 32299M (AvailPageFile size 28M)
current process WorkingSet (physical memory assigned to process): 286M, peak: 286M
current process commit charge ("private bytes"): 336M, peak: 396M

vm_info: OpenJDK 64-Bit Server VM (17.0.7+0-b2043.56-10550314) for windows-amd64 JRE (17.0.7+0-b2043.56-10550314), built on Jul 24 2023 18:27:45 by "androidbuild" with MS VC++ 16.10 / 16.11 (VS2019)

END.
